#
# There is insufficient memory for the Java Runtime Environment to continue.
# Native memory allocation (malloc) failed to allocate 1048576 bytes for AllocateHeap
# Possible reasons:
#   The system is out of physical RAM or swap space
#   In 32 bit mode, the process size limit was hit
# Possible solutions:
#   Reduce memory load on the system
#   Increase physical memory or swap space
#   Check if swap backing store is full
#   Use 64 bit Java on a 64 bit OS
#   Decrease Java heap size (-Xmx/-Xms)
#   Decrease number of Java threads
#   Decrease Java thread stack sizes (-Xss)
#   Set larger code cache with -XX:ReservedCodeCacheSize=
# This output file may be truncated or incomplete.
#
#  Out of Memory Error (memory/allocation.inline.hpp:61), pid=10132, tid=824
#
# JRE version:  (7.0_45-b18) (build )
# Java VM: Java HotSpot(TM) 64-Bit Server VM (24.45-b08 mixed mode windows-amd64 compressed oops)
# Failed to write core dump. Minidumps are not enabled by default on client versions of Windows
#

---------------  T H R E A D  ---------------

Current thread (0x0000000001fde800):  JavaThread "Unknown thread" [_thread_in_vm, id=824, stack(0x0000000001eb0000,0x0000000001fb0000)]

Stack: [0x0000000001eb0000,0x0000000001fb0000]

---------------  P R O C E S S  ---------------

Java Threads: ( => current thread )

Other Threads:

=>0x0000000001fde800 (exited) JavaThread "Unknown thread" [_thread_in_vm, id=824, stack(0x0000000001eb0000,0x0000000001fb0000)]

VM state:not at safepoint (normal execution)

VM Mutex/Monitor currently owned by a thread: None

Heap
 PSYoungGen      total 37376K, used 645K [0x00000007d6900000, 0x00000007d9280000, 0x0000000800000000)
  eden space 32256K, 2% used [0x00000007d6900000,0x00000007d69a14e8,0x00000007d8880000)
  from space 5120K, 0% used [0x00000007d8d80000,0x00000007d8d80000,0x00000007d9280000)
  to   space 5120K, 0% used [0x00000007d8880000,0x00000007d8880000,0x00000007d8d80000)
 ParOldGen       total 84480K, used 0K [0x0000000783c00000, 0x0000000788e80000, 0x00000007d6900000)
  object space 84480K, 0% used [0x0000000783c00000,0x0000000783c00000,0x0000000788e80000)
 PSPermGen       total 21504K, used 673K [0x000000077ea00000, 0x000000077ff00000, 0x0000000783c00000)
  object space 21504K, 3% used [0x000000077ea00000,0x000000077eaa8570,0x000000077ff00000)

Card table byte_map: [0x00000000051a0000,0x00000000055b0000] byte_map_base: 0x00000000015ab000

Polling page: 0x0000000000660000

Code Cache  [0x00000000020e0000, 0x0000000002350000, 0x00000000050e0000)
 total_blobs=38 nmethods=0 adapters=20 free_code_cache=48889Kb largest_free_block=50062528

Compilation events (0 events):
No events

GC Heap History (0 events):
No events

Deoptimization events (0 events):
No events

Internal exceptions (0 events):
No events

Events (10 events):
Event: 0.030 loading class 0x0000000002030ec0
Event: 0.030 loading class 0x0000000002030ec0 done
Event: 0.030 loading class 0x0000000002030f10
Event: 0.030 loading class 0x0000000002030f10 done
Event: 0.030 loading class 0x0000000002030f60
Event: 0.030 loading class 0x0000000002030f60 done
Event: 0.031 loading class 0x0000000002031cc0
Event: 0.031 loading class 0x0000000002031cc0 done
Event: 0.031 loading class 0x00000000020318e0
Event: 0.031 loading class 0x00000000020318e0 done


Dynamic libraries:
0x00007ff6e7dd0000 - 0x00007ff6e7e03000 	C:\Program Files\Java\jdk1.7.0_45\bin\javaw.exe
0x00007ffb8dd10000 - 0x00007ffb8debd000 	C:\WINDOWS\SYSTEM32\ntdll.dll
0x00007ffb8bdf0000 - 0x00007ffb8bf2e000 	C:\WINDOWS\system32\KERNEL32.DLL
0x00007ffb8b220000 - 0x00007ffb8b335000 	C:\WINDOWS\system32\KERNELBASE.dll
0x00007ffb89910000 - 0x00007ffb8999e000 	C:\WINDOWS\system32\apphelp.dll
0x00007ffb764b0000 - 0x00007ffb76503000 	C:\WINDOWS\AppPatch\AppPatch64\AcGenral.DLL
0x00007ffb8bc10000 - 0x00007ffb8bcba000 	C:\WINDOWS\system32\msvcrt.dll
0x00007ffb8ac90000 - 0x00007ffb8acbe000 	C:\WINDOWS\SYSTEM32\SspiCli.dll
0x00007ffb8bcc0000 - 0x00007ffb8bd14000 	C:\WINDOWS\system32\SHLWAPI.dll
0x00007ffb8dad0000 - 0x00007ffb8dc47000 	C:\WINDOWS\system32\USER32.dll
0x00007ffb8d6c0000 - 0x00007ffb8d854000 	C:\WINDOWS\system32\ole32.dll
0x00007ffb8c190000 - 0x00007ffb8d6bb000 	C:\WINDOWS\system32\SHELL32.dll
0x00007ffb8a400000 - 0x00007ffb8a421000 	C:\WINDOWS\SYSTEM32\USERENV.dll
0x00007ffb8bf30000 - 0x00007ffb8bfda000 	C:\WINDOWS\system32\ADVAPI32.dll
0x00007ffb848e0000 - 0x00007ffb848fe000 	C:\WINDOWS\SYSTEM32\MPR.dll
0x00007ffb8bfe0000 - 0x00007ffb8c121000 	C:\WINDOWS\system32\RPCRT4.dll
0x00007ffb8c130000 - 0x00007ffb8c189000 	C:\WINDOWS\SYSTEM32\sechost.dll
0x00007ffb8b3a0000 - 0x00007ffb8b5b1000 	C:\WINDOWS\SYSTEM32\combase.dll
0x00007ffb8b730000 - 0x00007ffb8b880000 	C:\WINDOWS\system32\GDI32.dll
0x00007ffb8ae60000 - 0x00007ffb8ae75000 	C:\WINDOWS\SYSTEM32\profapi.dll
0x00007ffb899b0000 - 0x00007ffb89a62000 	C:\WINDOWS\SYSTEM32\SHCORE.dll
0x00007ffb8b910000 - 0x00007ffb8b946000 	C:\WINDOWS\system32\IMM32.DLL
0x00007ffb8b5c0000 - 0x00007ffb8b712000 	C:\WINDOWS\system32\MSCTF.dll
0x00007ffb88490000 - 0x00007ffb8870a000 	C:\WINDOWS\WinSxS\amd64_microsoft.windows.common-controls_6595b64144ccf1df_6.0.9600.17810_none_6240b9c7ecbd0bda\COMCTL32.dll
0x0000000065450000 - 0x0000000065522000 	C:\Program Files\Java\jdk1.7.0_45\jre\bin\msvcr100.dll
0x0000000062100000 - 0x00000000628c9000 	C:\Program Files\Java\jdk1.7.0_45\jre\bin\server\jvm.dll
0x00007ffb82fc0000 - 0x00007ffb82fc9000 	C:\WINDOWS\SYSTEM32\WSOCK32.dll
0x00007ffb889e0000 - 0x00007ffb88a02000 	C:\WINDOWS\SYSTEM32\WINMM.dll
0x00007ffb8b390000 - 0x00007ffb8b397000 	C:\WINDOWS\system32\PSAPI.DLL
0x00007ffb8d860000 - 0x00007ffb8d8ba000 	C:\WINDOWS\system32\WS2_32.dll
0x00007ffb888e0000 - 0x00007ffb8890a000 	C:\WINDOWS\SYSTEM32\WINMMBASE.dll
0x00007ffb8b900000 - 0x00007ffb8b909000 	C:\WINDOWS\system32\NSI.dll
0x00007ffb8b340000 - 0x00007ffb8b38f000 	C:\WINDOWS\SYSTEM32\cfgmgr32.dll
0x00007ffb89c50000 - 0x00007ffb89c78000 	C:\WINDOWS\SYSTEM32\DEVOBJ.dll
0x00000000685c0000 - 0x00000000685cf000 	C:\Program Files\Java\jdk1.7.0_45\jre\bin\verify.dll
0x0000000065db0000 - 0x0000000065dd8000 	C:\Program Files\Java\jdk1.7.0_45\jre\bin\java.dll
0x0000000065d90000 - 0x0000000065da5000 	C:\Program Files\Java\jdk1.7.0_45\jre\bin\zip.dll

VM Arguments:
jvm_args: -Dfile.encoding=Cp1252 
java_command: app.WCHomeScreen
Launcher Type: SUN_STANDARD

Environment Variables:
PATH=C:\ProgramData\Oracle\Java\javapath;C:\Program Files (x86)\Intel\iCLS Client\;C:\Program Files\Intel\iCLS Client\;C:\WINDOWS\system32;C:\WINDOWS;C:\WINDOWS\System32\Wbem;C:\WINDOWS\System32\WindowsPowerShell\v1.0\;C:\Program Files (x86)\Intel\OpenCL SDK\3.0\bin\x86;C:\Program Files (x86)\Intel\OpenCL SDK\3.0\bin\x64;C:\Program Files\Intel\Intel(R) Management Engine Components\DAL;C:\Program Files\Intel\Intel(R) Management Engine Components\IPT;C:\Program Files (x86)\Intel\Intel(R) Management Engine Components\DAL;C:\Program Files (x86)\Intel\Intel(R) Management Engine Components\IPT;C:\Program Files\Java\jdk1.7.0_45\bin;C:\Program Files (x86)\Windows Kits\8.1\Windows Performance Toolkit\;C:\Program Files\Microsoft SQL Server\110\Tools\Binn\;C:\Program Files\Microsoft SQL Server\Client SDK\ODBC\110\Tools\Binn\;C:\Program Files (x86)\Microsoft SQL Server\120\Tools\Binn\;C:\Program Files\Microsoft SQL Server\120\Tools\Binn\;C:\Program Files\Microsoft SQL Server\120\DTS\Binn\;C:\Program Files (x86)\Microsoft SQL Server\120\Tools\Binn\ManagementStudio\;C:\Program Files (x86)\Microsoft SQL Server\120\DTS\Binn\;C:\Program Files\MySQL\MySQL Server 5.6\bin;C:\Program Files (x86)\NVIDIA Corporation\PhysX\Common;C:\Ruby200-x64\bin
USERNAME=Abby
OS=Windows_NT
PROCESSOR_IDENTIFIER=Intel64 Family 6 Model 60 Stepping 3, GenuineIntel



---------------  S Y S T E M  ---------------

OS: Windows 8 , 64 bit Build 9200 

CPU:total 8 (4 cores per cpu, 2 threads per core) family 6 model 60 stepping 3, cmov, cx8, fxsr, mmx, sse, sse2, sse3, ssse3, sse4.1, sse4.2, popcnt, avx, avx2, aes, erms, ht, tsc, tscinvbit

Memory: 4k page, physical 8134936k(1908928k free), swap 8659224k(5724k free)

vm_info: Java HotSpot(TM) 64-Bit Server VM (24.45-b08) for windows-amd64 JRE (1.7.0_45-b18), built on Oct  8 2013 05:47:22 by "java_re" with unknown MS VC++:1600

time: Sun Apr 10 20:29:53 2016
elapsed time: 0 seconds

